============================================================
  Generated by:           Genus(TM) Synthesis Solution 19.11-s087_1
  Generated on:           Dec 07 2025  10:30:00 am
  Module:                 top
  Operating conditions:   PVT_0P7V_25C 
  Interconnect mode:      global
  Area mode:              physical library
============================================================

                                                 
           Gate             Instances    Area                     Library                  
-------------------------------------------------------------------------------------------
A2O1A1O1Ixp25_ASAP7_75t_SL         12     25.194    asap7sc7p5t_AO_SLVT_TT_nldm_211120     
AND2x2_ASAP7_75t_SL               102    142.767    asap7sc7p5t_SIMPLE_SLVT_TT_nldm_211120 
AND2x4_ASAP7_75t_SL                 1      2.333    asap7sc7p5t_SIMPLE_SLVT_TT_nldm_211120 
AND3x1_ASAP7_75t_SL                 1      1.400    asap7sc7p5t_SIMPLE_SLVT_TT_nldm_211120 
AO21x1_ASAP7_75t_L                  1      1.400    asap7sc7p5t_AO_LVT_TT_nldm_211120      
AO21x1_ASAP7_75t_SL                 2      2.799    asap7sc7p5t_AO_SLVT_TT_nldm_211120     
AO21x2_ASAP7_75t_SL                 2      3.266    asap7sc7p5t_AO_SLVT_TT_nldm_211120     
AO221x1_ASAP7_75t_SL                1      2.333    asap7sc7p5t_AO_SLVT_TT_nldm_211120     
AO22x1_ASAP7_75t_SL               121    254.042    asap7sc7p5t_AO_SLVT_TT_nldm_211120     
AO22x2_ASAP7_75t_SL                13     30.326    asap7sc7p5t_AO_SLVT_TT_nldm_211120     
AO32x1_ASAP7_75t_SL                 1      1.866    asap7sc7p5t_AO_SLVT_TT_nldm_211120     
AOI21xp5_ASAP7_75t_SL               3      3.499    asap7sc7p5t_AO_SLVT_TT_nldm_211120     
AOI221xp5_ASAP7_75t_SL             31     50.622    asap7sc7p5t_AO_SLVT_TT_nldm_211120     
AOI222xp33_ASAP7_75t_SL             2      4.666    asap7sc7p5t_AO_SLVT_TT_nldm_211120     
AOI22xp5_ASAP7_75t_SL             170    237.946    asap7sc7p5t_AO_SLVT_TT_nldm_211120     
AOI32xp33_ASAP7_75t_SL              4      6.532    asap7sc7p5t_AO_SLVT_TT_nldm_211120     
BUFx12f_ASAP7_75t_SL                1      4.199    asap7sc7p5t_INVBUF_SLVT_TT_nldm_211120 
BUFx6f_ASAP7_75t_SL                 2      4.666    asap7sc7p5t_INVBUF_SLVT_TT_nldm_211120 
DFFHQNx1_ASAP7_75t_L               40    186.624    asap7sc7p5t_SEQ_LVT_TT_nldm_220123     
DFFHQNx1_ASAP7_75t_SL             157    732.499    asap7sc7p5t_SEQ_SLVT_TT_nldm_220123    
DFFHQx4_ASAP7_75t_SL               28    163.296    asap7sc7p5t_SEQ_SLVT_TT_nldm_220123    
FAx1_ASAP7_75t_SL                 381   1244.316    asap7sc7p5t_SIMPLE_SLVT_TT_nldm_211120 
INVx1_ASAP7_75t_SL                425    297.432    asap7sc7p5t_INVBUF_SLVT_TT_nldm_211120 
INVx2_ASAP7_75t_SL                 10      9.331    asap7sc7p5t_INVBUF_SLVT_TT_nldm_211120 
INVx3_ASAP7_75t_SL                  1      1.166    asap7sc7p5t_INVBUF_SLVT_TT_nldm_211120 
INVx5_ASAP7_75t_SL                  1      1.633    asap7sc7p5t_INVBUF_SLVT_TT_nldm_211120 
INVx8_ASAP7_75t_SL                  2      4.666    asap7sc7p5t_INVBUF_SLVT_TT_nldm_211120 
NAND2x1_ASAP7_75t_SL                1      1.400    asap7sc7p5t_SIMPLE_SLVT_TT_nldm_211120 
NAND2xp5_ASAP7_75t_L                2      1.866    asap7sc7p5t_SIMPLE_LVT_TT_nldm_211120  
NAND2xp5_ASAP7_75t_SL            1180   1101.082    asap7sc7p5t_SIMPLE_SLVT_TT_nldm_211120 
NAND3xp33_ASAP7_75t_SL              3      3.499    asap7sc7p5t_SIMPLE_SLVT_TT_nldm_211120 
NAND4xp25_ASAP7_75t_SL              1      1.400    asap7sc7p5t_SIMPLE_SLVT_TT_nldm_211120 
NOR2x1_ASAP7_75t_SL                12     16.796    asap7sc7p5t_SIMPLE_SLVT_TT_nldm_211120 
NOR2xp33_ASAP7_75t_L               99     92.379    asap7sc7p5t_SIMPLE_LVT_TT_nldm_211120  
NOR2xp33_ASAP7_75t_SL             166    154.898    asap7sc7p5t_SIMPLE_SLVT_TT_nldm_211120 
NOR2xp67_ASAP7_75t_SL               3      4.199    asap7sc7p5t_SIMPLE_SLVT_TT_nldm_211120 
O2A1O1Ixp33_ASAP7_75t_SL           14     19.596    asap7sc7p5t_OA_SLVT_TT_nldm_211120     
OA21x2_ASAP7_75t_SL                16     26.127    asap7sc7p5t_OA_SLVT_TT_nldm_211120     
OA222x2_ASAP7_75t_SL                4     11.197    asap7sc7p5t_OA_SLVT_TT_nldm_211120     
OA22x2_ASAP7_75t_SL                 4      9.331    asap7sc7p5t_OA_SLVT_TT_nldm_211120     
OAI211xp5_ASAP7_75t_SL              3      4.199    asap7sc7p5t_OA_SLVT_TT_nldm_211120     
OAI21xp5_ASAP7_75t_L                1      1.166    asap7sc7p5t_OA_LVT_TT_nldm_211120      
OAI21xp5_ASAP7_75t_SL              24     27.994    asap7sc7p5t_OA_SLVT_TT_nldm_211120     
OAI221xp5_ASAP7_75t_SL             10     16.330    asap7sc7p5t_OA_SLVT_TT_nldm_211120     
OAI222xp33_ASAP7_75t_SL            13     30.326    asap7sc7p5t_OA_SLVT_TT_nldm_211120     
OAI22x1_ASAP7_75t_SL                7     16.330    asap7sc7p5t_OA_SLVT_TT_nldm_211120     
OAI22xp5_ASAP7_75t_SL              73    102.177    asap7sc7p5t_OA_SLVT_TT_nldm_211120     
OAI321xp33_ASAP7_75t_SL             1      1.866    asap7sc7p5t_OA_SLVT_TT_nldm_211120     
OAI322xp33_ASAP7_75t_SL             3      6.299    asap7sc7p5t_OA_SLVT_TT_nldm_211120     
OR2x2_ASAP7_75t_SL                139    194.556    asap7sc7p5t_SIMPLE_SLVT_TT_nldm_211120 
OR2x4_ASAP7_75t_SL                  1      1.866    asap7sc7p5t_SIMPLE_SLVT_TT_nldm_211120 
SDFHx1_ASAP7_75t_L                153    892.296    asap7sc7p5t_SEQ_LVT_TT_nldm_220123     
SDFHx1_ASAP7_75t_SL                 3     17.496    asap7sc7p5t_SEQ_SLVT_TT_nldm_220123    
XNOR2x2_ASAP7_75t_L                 1      2.566    asap7sc7p5t_SIMPLE_LVT_TT_nldm_211120  
XNOR2x2_ASAP7_75t_SL               11     28.227    asap7sc7p5t_SIMPLE_SLVT_TT_nldm_211120 
XNOR2xp5_ASAP7_75t_L               11     23.095    asap7sc7p5t_SIMPLE_LVT_TT_nldm_211120  
XNOR2xp5_ASAP7_75t_SL            1246   2616.002    asap7sc7p5t_SIMPLE_SLVT_TT_nldm_211120 
XOR2x2_ASAP7_75t_SL                30     76.982    asap7sc7p5t_SIMPLE_SLVT_TT_nldm_211120 
XOR2xp5_ASAP7_75t_L                42     88.180    asap7sc7p5t_SIMPLE_LVT_TT_nldm_211120  
XOR2xp5_ASAP7_75t_SL             1003   2105.819    asap7sc7p5t_SIMPLE_SLVT_TT_nldm_211120 
-------------------------------------------------------------------------------------------
total                            5795  11118.358                                           


                Library                Instances   Area   Instances % 
----------------------------------------------------------------------
asap7sc7p5t_AO_LVT_TT_nldm_211120              1    1.400         0.0 
asap7sc7p5t_AO_SLVT_TT_nldm_211120           362  623.091         6.2 
asap7sc7p5t_INVBUF_SLVT_TT_nldm_211120       442  323.093         7.6 
asap7sc7p5t_OA_LVT_TT_nldm_211120              1    1.166         0.0 
asap7sc7p5t_OA_SLVT_TT_nldm_211120           172  271.771         3.0 
asap7sc7p5t_SEQ_LVT_TT_nldm_220123           193 1078.920         3.3 
asap7sc7p5t_SEQ_SLVT_TT_nldm_220123          188  913.291         3.2 
asap7sc7p5t_SIMPLE_LVT_TT_nldm_211120        155  208.086         2.7 
asap7sc7p5t_SIMPLE_SLVT_TT_nldm_211120      4281 7697.540        73.9 

                                          
     Type      Instances    Area   Area % 
------------------------------------------
sequential           381  1992.211   17.9 
inverter             439   314.228    2.8 
buffer                 3     8.865    0.1 
logic               4972  8803.054   79.2 
physical_cells         0     0.000    0.0 
------------------------------------------
total               5795 11118.358  100.0 

